#
# There is insufficient memory for the Java Runtime Environment to continue.
# Native memory allocation (malloc) failed to allocate 1737456 bytes for Chunk::new
# Possible reasons:
#   The system is out of physical RAM or swap space
#   The process is running with CompressedOops enabled, and the Java Heap may be blocking the growth of the native heap
# Possible solutions:
#   Reduce memory load on the system
#   Increase physical memory or swap space
#   Check if swap backing store is full
#   Decrease Java heap size (-Xmx/-Xms)
#   Decrease number of Java threads
#   Decrease Java thread stack sizes (-Xss)
#   Set larger code cache with -XX:ReservedCodeCacheSize=
#   JVM is running with Unscaled Compressed Oops mode in which the Java heap is
#     placed in the first 4GB address space. The Java Heap base address is the
#     maximum limit for the native heap growth. Please use -XX:HeapBaseMinAddress
#     to set the Java Heap base and to place the Java Heap above 4GB virtual address.
# This output file may be truncated or incomplete.
#
#  Out of Memory Error (./src/hotspot/share/memory/arena.cpp:197), pid=23400, tid=17864
#
# JRE version: OpenJDK Runtime Environment (11.0.10) (build 11.0.10+0-b96-7249189)
# Java VM: OpenJDK 64-Bit Server VM (11.0.10+0-b96-7249189, mixed mode, tiered, compressed oops, g1 gc, windows-amd64)
# No core dump will be written. Minidumps are not enabled by default on client versions of Windows
#

---------------  S U M M A R Y ------------

Command Line: --add-opens=java.base/java.util=ALL-UNNAMED --add-opens=java.base/java.lang=ALL-UNNAMED --add-opens=java.base/java.lang.invoke=ALL-UNNAMED --add-opens=java.base/java.util=ALL-UNNAMED --add-opens=java.prefs/java.util.prefs=ALL-UNNAMED --add-opens=java.prefs/java.util.prefs=ALL-UNNAMED --add-opens=java.base/java.nio.charset=ALL-UNNAMED --add-opens=java.base/java.net=ALL-UNNAMED --add-opens=java.base/java.util.concurrent.atomic=ALL-UNNAMED -Xmx2048m -Dfile.encoding=UTF-8 -Duser.country=US -Duser.language=en -Duser.variant org.gradle.launcher.daemon.bootstrap.GradleDaemon 7.0.2

Host: Intel(R) Core(TM) i5-9300H CPU @ 2.40GHz, 8 cores, 7G,  Windows 10 , 64 bit Build 19041 (10.0.19041.1503)
Time: Sat Apr 16 15:30:13 2022 SE Asia Standard Time elapsed time: 20.111109 seconds (0d 0h 0m 20s)

---------------  T H R E A D  ---------------

Current thread (0x0000021c250ac000):  JavaThread "C2 CompilerThread0" daemon [_thread_in_native, id=17864, stack(0x000000331e300000,0x000000331e400000)]


Current CompileTask:
C2:  20111 10066       4       sun.reflect.generics.parser.SignatureParser::parsePackageNameAndSimpleClassTypeSignature (119 bytes)

Stack: [0x000000331e300000,0x000000331e400000]
Native frames: (J=compiled Java code, j=interpreted, Vv=VM code, C=native code)
V  [jvm.dll+0x5ecfaa]
V  [jvm.dll+0x722bd5]
V  [jvm.dll+0x72412d]
V  [jvm.dll+0x7247e3]
V  [jvm.dll+0x242928]
V  [jvm.dll+0xbc4fc]
V  [jvm.dll+0xbca0c]
V  [jvm.dll+0x352d3b]
V  [jvm.dll+0x320ad3]
V  [jvm.dll+0x31ffca]
V  [jvm.dll+0x1fb602]
V  [jvm.dll+0x1fa7f4]
V  [jvm.dll+0x18354c]
V  [jvm.dll+0x208ee7]
V  [jvm.dll+0x207731]
V  [jvm.dll+0x6eb1cf]
V  [jvm.dll+0x6e3d45]
V  [jvm.dll+0x5ebe96]
C  [ucrtbase.dll+0x21bb2]
C  [KERNEL32.DLL+0x17034]
C  [ntdll.dll+0x52651]


---------------  P R O C E S S  ---------------

Threads class SMR info:
_java_thread_list=0x0000021c2b87c580, length=64, elements={
0x0000021c0a29f800, 0x0000021c2471e000, 0x0000021c2472b800, 0x0000021c250a6000,
0x0000021c250a7000, 0x0000021c250a9000, 0x0000021c250ac000, 0x0000021c250ae000,
0x0000021c2473c800, 0x0000021c251fe000, 0x0000021c26678800, 0x0000021c265e7800,
0x0000021c261c6800, 0x0000021c26f65800, 0x0000021c26b5c000, 0x0000021c26a4a000,
0x0000021c2730f000, 0x0000021c267d5000, 0x0000021c25d97000, 0x0000021c2733f800,
0x0000021c2733d000, 0x0000021c2733e000, 0x0000021c2733e800, 0x0000021c27b09800,
0x0000021c27b0a000, 0x0000021c27b0b000, 0x0000021c27b05800, 0x0000021c27b0c000,
0x0000021c27b06000, 0x0000021c27b0c800, 0x0000021c27b0d800, 0x0000021c27b08800,
0x0000021c27b08000, 0x0000021c27b13000, 0x0000021c27b14000, 0x0000021c27b11000,
0x0000021c27b0e800, 0x0000021c27b0f000, 0x0000021c27b11800, 0x0000021c27b12800,
0x0000021c27c3c800, 0x0000021c27c40000, 0x0000021c27c3d800, 0x0000021c27c3f000,
0x0000021c27c3a000, 0x0000021c27c3b000, 0x0000021c27c41000, 0x0000021c27c41800,
0x0000021c27c3c000, 0x0000021c27c42800, 0x0000021c2bb07800, 0x0000021c27c44000,
0x0000021c27c3e800, 0x0000021c27c48000, 0x0000021c27c46800, 0x0000021c27c45000,
0x0000021c27c45800, 0x0000021c27c47800, 0x0000021c27c49000, 0x0000021c2cdfb000,
0x0000021c2cdfd800, 0x0000021c2cdfc800, 0x0000021c2cdfc000, 0x0000021c2cdfe800
}

Java Threads: ( => current thread )
  0x0000021c0a29f800 JavaThread "main" [_thread_blocked, id=21080, stack(0x000000331d700000,0x000000331d800000)]
  0x0000021c2471e000 JavaThread "Reference Handler" daemon [_thread_blocked, id=23988, stack(0x000000331de00000,0x000000331df00000)]
  0x0000021c2472b800 JavaThread "Finalizer" daemon [_thread_blocked, id=9860, stack(0x000000331df00000,0x000000331e000000)]
  0x0000021c250a6000 JavaThread "Signal Dispatcher" daemon [_thread_blocked, id=7880, stack(0x000000331e000000,0x000000331e100000)]
  0x0000021c250a7000 JavaThread "Attach Listener" daemon [_thread_blocked, id=9664, stack(0x000000331e100000,0x000000331e200000)]
  0x0000021c250a9000 JavaThread "Service Thread" daemon [_thread_blocked, id=23116, stack(0x000000331e200000,0x000000331e300000)]
=>0x0000021c250ac000 JavaThread "C2 CompilerThread0" daemon [_thread_in_native, id=17864, stack(0x000000331e300000,0x000000331e400000)]
  0x0000021c250ae000 JavaThread "C1 CompilerThread0" daemon [_thread_blocked, id=20840, stack(0x000000331e400000,0x000000331e500000)]
  0x0000021c2473c800 JavaThread "Sweeper thread" daemon [_thread_blocked, id=23136, stack(0x000000331e500000,0x000000331e600000)]
  0x0000021c251fe000 JavaThread "Common-Cleaner" daemon [_thread_blocked, id=16744, stack(0x000000331e600000,0x000000331e700000)]
  0x0000021c26678800 JavaThread "Daemon health stats" [_thread_blocked, id=12660, stack(0x000000331ea00000,0x000000331eb00000)]
  0x0000021c265e7800 JavaThread "Incoming local TCP Connector on port 53276" [_thread_in_native, id=20504, stack(0x000000331eb00000,0x000000331ec00000)]
  0x0000021c261c6800 JavaThread "Daemon periodic checks" [_thread_blocked, id=23692, stack(0x000000331ec00000,0x000000331ed00000)]
  0x0000021c26f65800 JavaThread "Daemon" [_thread_blocked, id=21576, stack(0x000000331ed00000,0x000000331ee00000)]
  0x0000021c26b5c000 JavaThread "Handler for socket connection from /127.0.0.1:53276 to /127.0.0.1:53277" [_thread_in_native, id=23860, stack(0x000000331ee00000,0x000000331ef00000)]
  0x0000021c26a4a000 JavaThread "Cancel handler" [_thread_blocked, id=23808, stack(0x000000331ef00000,0x000000331f000000)]
  0x0000021c2730f000 JavaThread "Daemon worker" [_thread_blocked, id=24092, stack(0x000000331f000000,0x000000331f100000)]
  0x0000021c267d5000 JavaThread "Asynchronous log dispatcher for DefaultDaemonConnection: socket connection from /127.0.0.1:53276 to /127.0.0.1:53277" [_thread_blocked, id=3700, stack(0x000000331f100000,0x000000331f200000)]
  0x0000021c25d97000 JavaThread "Stdin handler" [_thread_blocked, id=1796, stack(0x000000331f200000,0x000000331f300000)]
  0x0000021c2733f800 JavaThread "Daemon client event forwarder" [_thread_blocked, id=24472, stack(0x000000331f300000,0x000000331f400000)]
  0x0000021c2733d000 JavaThread "Cache worker for file hash cache (C:\Users\NguyenHuyNam\.gradle\caches\7.0.2\fileHashes)" [_thread_blocked, id=20356, stack(0x000000331f900000,0x000000331fa00000)]
  0x0000021c2733e000 JavaThread "File lock request listener" [_thread_in_native, id=4388, stack(0x000000331fa00000,0x000000331fb00000)]
  0x0000021c2733e800 JavaThread "Cache worker for journal cache (C:\Users\NguyenHuyNam\.gradle\caches\journal-1)" [_thread_blocked, id=21592, stack(0x000000331fc00000,0x000000331fd00000)]
  0x0000021c27b09800 JavaThread "Cache worker for file hash cache (D:\Android\aaa\QuanLyNhaHang\.gradle\7.0.2\fileHashes)" [_thread_blocked, id=17688, stack(0x000000331fd00000,0x000000331fe00000)]
  0x0000021c27b0a000 JavaThread "File watcher server" daemon [_thread_in_native, id=21980, stack(0x000000331fe00000,0x000000331ff00000)]
  0x0000021c27b0b000 JavaThread "File watcher consumer" daemon [_thread_blocked, id=22972, stack(0x000000331ff00000,0x0000003320000000)]
  0x0000021c27b05800 JavaThread "Cache worker for checksums cache (D:\Android\aaa\QuanLyNhaHang\.gradle\checksums)" [_thread_blocked, id=5992, stack(0x0000003320000000,0x0000003320100000)]
  0x0000021c27b0c000 JavaThread "Cache worker for cache directory md-supplier (C:\Users\NguyenHuyNam\.gradle\caches\7.0.2\md-supplier)" [_thread_blocked, id=22484, stack(0x0000003320100000,0x0000003320200000)]
  0x0000021c27b06000 JavaThread "Cache worker for cache directory md-rule (C:\Users\NguyenHuyNam\.gradle\caches\7.0.2\md-rule)" [_thread_blocked, id=9412, stack(0x0000003320200000,0x0000003320300000)]
  0x0000021c27b0c800 JavaThread "Cache worker for execution history cache (C:\Users\NguyenHuyNam\.gradle\caches\7.0.2\executionHistory)" [_thread_blocked, id=20488, stack(0x0000003320300000,0x0000003320400000)]
  0x0000021c27b0d800 JavaThread "jar transforms" [_thread_blocked, id=17484, stack(0x0000003320400000,0x0000003320500000)]
  0x0000021c27b08800 JavaThread "jar transforms Thread 2" [_thread_blocked, id=19780, stack(0x0000003320500000,0x0000003320600000)]
  0x0000021c27b08000 JavaThread "Cache worker for file content cache (C:\Users\NguyenHuyNam\.gradle\caches\7.0.2\fileContent)" [_thread_blocked, id=9532, stack(0x0000003320600000,0x0000003320700000)]
  0x0000021c27b13000 JavaThread "Cache worker for dependencies-accessors (D:\Android\aaa\QuanLyNhaHang\.gradle\7.0.2\dependencies-accessors)" [_thread_blocked, id=10448, stack(0x0000003320700000,0x0000003320800000)]
  0x0000021c27b14000 JavaThread "jar transforms Thread 3" [_thread_blocked, id=1504, stack(0x0000003320800000,0x0000003320900000)]
  0x0000021c27b11000 JavaThread "Cache worker for Build Output Cleanup Cache (D:\Android\aaa\QuanLyNhaHang\.gradle\buildOutputCleanup)" [_thread_blocked, id=21532, stack(0x0000003320900000,0x0000003320a00000)]
  0x0000021c27b0e800 JavaThread "Build operations" [_thread_blocked, id=23644, stack(0x0000003320a00000,0x0000003320b00000)]
  0x0000021c27b0f000 JavaThread "Build operations Thread 2" [_thread_blocked, id=9488, stack(0x0000003320b00000,0x0000003320c00000)]
  0x0000021c27b11800 JavaThread "Build operations Thread 3" [_thread_blocked, id=23836, stack(0x0000003320c00000,0x0000003320d00000)]
  0x0000021c27b12800 JavaThread "Build operations Thread 4" [_thread_blocked, id=24276, stack(0x0000003320d00000,0x0000003320e00000)]
  0x0000021c27c3c800 JavaThread "Build operations Thread 5" [_thread_blocked, id=7360, stack(0x0000003320e00000,0x0000003320f00000)]
  0x0000021c27c40000 JavaThread "Build operations Thread 6" [_thread_in_Java, id=24216, stack(0x0000003320f00000,0x0000003321000000)]
  0x0000021c27c3d800 JavaThread "Build operations Thread 7" [_thread_in_native_trans, id=21328, stack(0x0000003321000000,0x0000003321100000)]
  0x0000021c27c3f000 JavaThread "Build operations Thread 8" [_thread_blocked, id=12600, stack(0x0000003321100000,0x0000003321200000)]
  0x0000021c27c3a000 JavaThread "jar transforms Thread 4" [_thread_blocked, id=21672, stack(0x0000003321200000,0x0000003321300000)]
  0x0000021c27c3b000 JavaThread "jar transforms Thread 5" [_thread_blocked, id=20796, stack(0x0000003321300000,0x0000003321400000)]
  0x0000021c27c41000 JavaThread "jar transforms Thread 6" [_thread_blocked, id=24104, stack(0x0000003321400000,0x0000003321500000)]
  0x0000021c27c41800 JavaThread "jar transforms Thread 7" [_thread_blocked, id=1552, stack(0x0000003321500000,0x0000003321600000)]
  0x0000021c27c3c000 JavaThread "jar transforms Thread 8" [_thread_blocked, id=21884, stack(0x0000003321600000,0x0000003321700000)]
  0x0000021c27c42800 JavaThread "Memory manager" [_thread_blocked, id=1688, stack(0x0000003321700000,0x0000003321800000)]
  0x0000021c2bb07800 JavaThread "C2 CompilerThread1" daemon [_thread_in_native, id=23416, stack(0x0000003321800000,0x0000003321900000)]
  0x0000021c27c44000 JavaThread "build event listener" [_thread_blocked, id=24184, stack(0x0000003321900000,0x0000003321a00000)]
  0x0000021c27c3e800 JavaThread "Execution worker for ':'" [_thread_blocked, id=8876, stack(0x0000003321a00000,0x0000003321b00000)]
  0x0000021c27c48000 JavaThread "Execution worker for ':' Thread 2" [_thread_blocked, id=7132, stack(0x0000003321b00000,0x0000003321c00000)]
  0x0000021c27c46800 JavaThread "Execution worker for ':' Thread 3" [_thread_blocked, id=8420, stack(0x0000003321c00000,0x0000003321d00000)]
  0x0000021c27c45000 JavaThread "Execution worker for ':' Thread 4" [_thread_blocked, id=24228, stack(0x0000003321d00000,0x0000003321e00000)]
  0x0000021c27c45800 JavaThread "Execution worker for ':' Thread 5" [_thread_blocked, id=12616, stack(0x0000003321e00000,0x0000003321f00000)]
  0x0000021c27c47800 JavaThread "Execution worker for ':' Thread 6" [_thread_blocked, id=23144, stack(0x0000003321f00000,0x0000003322000000)]
  0x0000021c27c49000 JavaThread "Execution worker for ':' Thread 7" [_thread_blocked, id=9168, stack(0x0000003322000000,0x0000003322100000)]
  0x0000021c2cdfb000 JavaThread "Cache worker for execution history cache (D:\Android\aaa\QuanLyNhaHang\.gradle\7.0.2\executionHistory)" [_thread_blocked, id=10008, stack(0x0000003322100000,0x0000003322200000)]
  0x0000021c2cdfd800 JavaThread "WorkerExecutor Queue" [_thread_blocked, id=20484, stack(0x0000003322200000,0x0000003322300000)]
  0x0000021c2cdfc800 JavaThread "WorkerExecutor Queue Thread 2" [_thread_blocked, id=23708, stack(0x0000003322300000,0x0000003322400000)]
  0x0000021c2cdfc000 JavaThread "WorkerExecutor Queue Thread 3" [_thread_in_native, id=21192, stack(0x0000003322400000,0x0000003322500000)]
  0x0000021c2cdfe800 JavaThread "WorkerExecutor Queue Thread 4" [_thread_blocked, id=23300, stack(0x0000003322500000,0x0000003322600000)]

Other Threads:
  0x0000021c2471b800 VMThread "VM Thread" [stack: 0x000000331dd00000,0x000000331de00000] [id=8776]
  0x0000021c25217000 WatcherThread [stack: 0x000000331e700000,0x000000331e800000] [id=17120]
  0x0000021c0a2b5800 GCTaskThread "GC Thread#0" [stack: 0x000000331d800000,0x000000331d900000] [id=22728]
  0x0000021c25c99800 GCTaskThread "GC Thread#1" [stack: 0x000000331e800000,0x000000331e900000] [id=21760]
  0x0000021c25e2a800 GCTaskThread "GC Thread#2" [stack: 0x000000331e900000,0x000000331ea00000] [id=20676]
  0x0000021c266f2800 GCTaskThread "GC Thread#3" [stack: 0x000000331f400000,0x000000331f500000] [id=21644]
  0x0000021c25e8c800 GCTaskThread "GC Thread#4" [stack: 0x000000331f500000,0x000000331f600000] [id=20920]
  0x0000021c25e8d800 GCTaskThread "GC Thread#5" [stack: 0x000000331f600000,0x000000331f700000] [id=23740]
  0x0000021c25e8e800 GCTaskThread "GC Thread#6" [stack: 0x000000331f700000,0x000000331f800000] [id=23732]
  0x0000021c25e8f800 GCTaskThread "GC Thread#7" [stack: 0x000000331f800000,0x000000331f900000] [id=21660]
  0x0000021c0a2e8800 ConcurrentGCThread "G1 Main Marker" [stack: 0x000000331d900000,0x000000331da00000] [id=3860]
  0x0000021c0a2e9800 ConcurrentGCThread "G1 Conc#0" [stack: 0x000000331da00000,0x000000331db00000] [id=11444]
  0x0000021c272f0000 ConcurrentGCThread "G1 Conc#1" [stack: 0x000000331fb00000,0x000000331fc00000] [id=12792]
  0x0000021c0a375000 ConcurrentGCThread "G1 Refine#0" [stack: 0x000000331db00000,0x000000331dc00000] [id=23788]
  0x0000021c24570800 ConcurrentGCThread "G1 Young RemSet Sampling" [stack: 0x000000331dc00000,0x000000331dd00000] [id=11908]

Threads with active compile tasks:
C2 CompilerThread0  20161 10066       4       sun.reflect.generics.parser.SignatureParser::parsePackageNameAndSimpleClassTypeSignature (119 bytes)
C2 CompilerThread1  20161 10106       4       org.gradle.internal.snapshot.DirectorySnapshot$$Lambda$941/0x0000000100accc40::accept (20 bytes)

VM state:not at safepoint (normal execution)

VM Mutex/Monitor currently owned by a thread: None

Heap address: 0x0000000080000000, size: 2048 MB, Compressed Oops mode: 32-bit
Narrow klass base: 0x0000000000000000, Narrow klass shift: 3
Compressed class space size: 1073741824 Address: 0x0000000100000000

Heap:
 garbage-first heap   total 187392K, used 113326K [0x0000000080000000, 0x0000000100000000)
  region size 1024K, 32 young (32768K), 3 survivors (3072K)
 Metaspace       used 83707K, capacity 85800K, committed 86144K, reserved 1124352K
  class space    used 10765K, capacity 11536K, committed 11648K, reserved 1048576K
Heap Regions: E=young(eden), S=young(survivor), O=old, HS=humongous(starts), HC=humongous(continues), CS=collection set, F=free, A=archive, TAMS=top-at-mark-start (previous, next)
|   0|0x0000000080000000, 0x0000000080100000, 0x0000000080100000|100%| O|  |TAMS 0x0000000080100000, 0x0000000080000000| Untracked 
|   1|0x0000000080100000, 0x0000000080200000, 0x0000000080200000|100%| O|  |TAMS 0x0000000080200000, 0x0000000080100000| Untracked 
|   2|0x0000000080200000, 0x0000000080300000, 0x0000000080300000|100%| O|  |TAMS 0x0000000080300000, 0x0000000080200000| Untracked 
|   3|0x0000000080300000, 0x0000000080400000, 0x0000000080400000|100%|HS|  |TAMS 0x0000000080400000, 0x0000000080300000| Complete 
|   4|0x0000000080400000, 0x0000000080500000, 0x0000000080500000|100%|HC|  |TAMS 0x0000000080500000, 0x0000000080400000| Complete 
|   5|0x0000000080500000, 0x0000000080600000, 0x0000000080600000|100%|HC|  |TAMS 0x0000000080600000, 0x0000000080500000| Complete 
|   6|0x0000000080600000, 0x0000000080700000, 0x0000000080700000|100%| O|  |TAMS 0x0000000080700000, 0x0000000080600000| Untracked 
|   7|0x0000000080700000, 0x0000000080800000, 0x0000000080800000|100%| O|  |TAMS 0x0000000080800000, 0x0000000080700000| Untracked 
|   8|0x0000000080800000, 0x0000000080900000, 0x0000000080900000|100%| O|  |TAMS 0x0000000080900000, 0x0000000080800000| Untracked 
|   9|0x0000000080900000, 0x0000000080a00000, 0x0000000080a00000|100%| O|  |TAMS 0x0000000080a00000, 0x0000000080900000| Untracked 
|  10|0x0000000080a00000, 0x0000000080b00000, 0x0000000080b00000|100%| O|  |TAMS 0x0000000080b00000, 0x0000000080a00000| Untracked 
|  11|0x0000000080b00000, 0x0000000080c00000, 0x0000000080c00000|100%| O|  |TAMS 0x0000000080c00000, 0x0000000080b00000| Untracked 
|  12|0x0000000080c00000, 0x0000000080d00000, 0x0000000080d00000|100%| O|  |TAMS 0x0000000080d00000, 0x0000000080c00000| Untracked 
|  13|0x0000000080d00000, 0x0000000080e00000, 0x0000000080e00000|100%| O|  |TAMS 0x0000000080e00000, 0x0000000080d00000| Untracked 
|  14|0x0000000080e00000, 0x0000000080f00000, 0x0000000080f00000|100%| O|  |TAMS 0x0000000080f00000, 0x0000000080e00000| Untracked 
|  15|0x0000000080f00000, 0x0000000081000000, 0x0000000081000000|100%| O|  |TAMS 0x0000000081000000, 0x0000000080f00000| Untracked 
|  16|0x0000000081000000, 0x0000000081100000, 0x0000000081100000|100%| O|  |TAMS 0x0000000081100000, 0x0000000081000000| Untracked 
|  17|0x0000000081100000, 0x0000000081200000, 0x0000000081200000|100%| O|  |TAMS 0x0000000081200000, 0x0000000081100000| Untracked 
|  18|0x0000000081200000, 0x0000000081300000, 0x0000000081300000|100%|HS|  |TAMS 0x0000000081300000, 0x0000000081200000| Complete 
|  19|0x0000000081300000, 0x0000000081400000, 0x0000000081400000|100%| O|  |TAMS 0x0000000081400000, 0x0000000081300000| Untracked 
|  20|0x0000000081400000, 0x0000000081500000, 0x0000000081500000|100%| O|  |TAMS 0x0000000081500000, 0x0000000081400000| Untracked 
|  21|0x0000000081500000, 0x0000000081600000, 0x0000000081600000|100%| O|  |TAMS 0x0000000081600000, 0x0000000081500000| Untracked 
|  22|0x0000000081600000, 0x0000000081700000, 0x0000000081700000|100%| O|  |TAMS 0x0000000081700000, 0x0000000081600000| Untracked 
|  23|0x0000000081700000, 0x0000000081800000, 0x0000000081800000|100%|HS|  |TAMS 0x0000000081800000, 0x0000000081700000| Complete 
|  24|0x0000000081800000, 0x0000000081900000, 0x0000000081900000|100%|HS|  |TAMS 0x0000000081900000, 0x0000000081800000| Complete 
|  25|0x0000000081900000, 0x0000000081a00000, 0x0000000081a00000|100%|HC|  |TAMS 0x0000000081a00000, 0x0000000081900000| Complete 
|  26|0x0000000081a00000, 0x0000000081b00000, 0x0000000081b00000|100%| O|  |TAMS 0x0000000081b00000, 0x0000000081a00000| Untracked 
|  27|0x0000000081b00000, 0x0000000081c00000, 0x0000000081c00000|100%| O|  |TAMS 0x0000000081c00000, 0x0000000081b00000| Untracked 
|  28|0x0000000081c00000, 0x0000000081d00000, 0x0000000081d00000|100%| O|  |TAMS 0x0000000081d00000, 0x0000000081c00000| Untracked 
|  29|0x0000000081d00000, 0x0000000081e00000, 0x0000000081e00000|100%| O|  |TAMS 0x0000000081e00000, 0x0000000081d00000| Untracked 
|  30|0x0000000081e00000, 0x0000000081f00000, 0x0000000081f00000|100%| O|  |TAMS 0x0000000081f00000, 0x0000000081e00000| Untracked 
|  31|0x0000000081f00000, 0x0000000082000000, 0x0000000082000000|100%| O|  |TAMS 0x0000000082000000, 0x0000000081f00000| Untracked 
|  32|0x0000000082000000, 0x0000000082100000, 0x0000000082100000|100%| O|  |TAMS 0x0000000082100000, 0x0000000082000000| Untracked 
|  33|0x0000000082100000, 0x0000000082200000, 0x0000000082200000|100%| O|  |TAMS 0x0000000082200000, 0x0000000082100000| Untracked 
|  34|0x0000000082200000, 0x0000000082300000, 0x0000000082300000|100%| O|  |TAMS 0x0000000082300000, 0x0000000082200000| Untracked 
|  35|0x0000000082300000, 0x0000000082400000, 0x0000000082400000|100%| O|  |TAMS 0x0000000082400000, 0x0000000082300000| Untracked 
|  36|0x0000000082400000, 0x0000000082500000, 0x0000000082500000|100%| O|  |TAMS 0x0000000082500000, 0x0000000082400000| Untracked 
|  37|0x0000000082500000, 0x0000000082600000, 0x0000000082600000|100%| O|  |TAMS 0x0000000082600000, 0x0000000082500000| Untracked 
|  38|0x0000000082600000, 0x0000000082700000, 0x0000000082700000|100%| O|  |TAMS 0x0000000082700000, 0x0000000082600000| Untracked 
|  39|0x0000000082700000, 0x0000000082800000, 0x0000000082800000|100%| O|  |TAMS 0x0000000082800000, 0x0000000082700000| Untracked 
|  40|0x0000000082800000, 0x0000000082900000, 0x0000000082900000|100%| O|  |TAMS 0x0000000082900000, 0x0000000082800000| Untracked 
|  41|0x0000000082900000, 0x0000000082a00000, 0x0000000082a00000|100%| O|  |TAMS 0x0000000082a00000, 0x0000000082900000| Untracked 
|  42|0x0000000082a00000, 0x0000000082b00000, 0x0000000082b00000|100%| O|  |TAMS 0x0000000082b00000, 0x0000000082a00000| Untracked 
|  43|0x0000000082b00000, 0x0000000082c00000, 0x0000000082c00000|100%| O|  |TAMS 0x0000000082c00000, 0x0000000082b00000| Untracked 
|  44|0x0000000082c00000, 0x0000000082d00000, 0x0000000082d00000|100%| O|  |TAMS 0x0000000082d00000, 0x0000000082c00000| Untracked 
|  45|0x0000000082d00000, 0x0000000082e00000, 0x0000000082e00000|100%| O|  |TAMS 0x0000000082e00000, 0x0000000082d00000| Untracked 
|  46|0x0000000082e00000, 0x0000000082f00000, 0x0000000082f00000|100%| O|  |TAMS 0x0000000082f00000, 0x0000000082e00000| Untracked 
|  47|0x0000000082f00000, 0x0000000083000000, 0x0000000083000000|100%| O|  |TAMS 0x0000000083000000, 0x0000000082f00000| Untracked 
|  48|0x0000000083000000, 0x0000000083100000, 0x0000000083100000|100%| O|  |TAMS 0x0000000083100000, 0x0000000083000000| Untracked 
|  49|0x0000000083100000, 0x0000000083200000, 0x0000000083200000|100%| O|  |TAMS 0x0000000083200000, 0x0000000083100000| Untracked 
|  50|0x0000000083200000, 0x0000000083300000, 0x0000000083300000|100%| O|  |TAMS 0x0000000083300000, 0x0000000083200000| Untracked 
|  51|0x0000000083300000, 0x0000000083400000, 0x0000000083400000|100%| O|  |TAMS 0x0000000083400000, 0x0000000083300000| Untracked 
|  52|0x0000000083400000, 0x0000000083500000, 0x0000000083500000|100%| O|  |TAMS 0x0000000083500000, 0x0000000083400000| Untracked 
|  53|0x0000000083500000, 0x0000000083600000, 0x0000000083600000|100%| O|  |TAMS 0x0000000083600000, 0x0000000083500000| Untracked 
|  54|0x0000000083600000, 0x0000000083700000, 0x0000000083700000|100%| O|  |TAMS 0x0000000083700000, 0x0000000083600000| Untracked 
|  55|0x0000000083700000, 0x0000000083800000, 0x0000000083800000|100%| O|  |TAMS 0x0000000083800000, 0x0000000083700000| Untracked 
|  56|0x0000000083800000, 0x0000000083900000, 0x0000000083900000|100%| O|  |TAMS 0x0000000083900000, 0x0000000083800000| Untracked 
|  57|0x0000000083900000, 0x0000000083a00000, 0x0000000083a00000|100%| O|  |TAMS 0x0000000083a00000, 0x0000000083900000| Untracked 
|  58|0x0000000083a00000, 0x0000000083b00000, 0x0000000083b00000|100%| O|  |TAMS 0x0000000083b00000, 0x0000000083a00000| Untracked 
|  59|0x0000000083b00000, 0x0000000083c00000, 0x0000000083c00000|100%| O|  |TAMS 0x0000000083c00000, 0x0000000083b00000| Untracked 
|  60|0x0000000083c00000, 0x0000000083d00000, 0x0000000083d00000|100%| O|  |TAMS 0x0000000083d00000, 0x0000000083c00000| Untracked 
|  61|0x0000000083d00000, 0x0000000083e00000, 0x0000000083e00000|100%| O|  |TAMS 0x0000000083e00000, 0x0000000083d00000| Untracked 
|  62|0x0000000083e00000, 0x0000000083f00000, 0x0000000083f00000|100%| O|  |TAMS 0x0000000083f00000, 0x0000000083e00000| Untracked 
|  63|0x0000000083f00000, 0x0000000084000000, 0x0000000084000000|100%| O|  |TAMS 0x0000000084000000, 0x0000000083f00000| Untracked 
|  64|0x0000000084000000, 0x0000000084100000, 0x0000000084100000|100%| O|  |TAMS 0x0000000084100000, 0x0000000084000000| Untracked 
|  65|0x0000000084100000, 0x0000000084200000, 0x0000000084200000|100%| O|  |TAMS 0x0000000084200000, 0x0000000084100000| Untracked 
|  66|0x0000000084200000, 0x0000000084300000, 0x0000000084300000|100%| O|  |TAMS 0x0000000084300000, 0x0000000084200000| Untracked 
|  67|0x0000000084300000, 0x0000000084400000, 0x0000000084400000|100%| O|  |TAMS 0x0000000084400000, 0x0000000084300000| Untracked 
|  68|0x0000000084400000, 0x0000000084500000, 0x0000000084500000|100%| O|  |TAMS 0x0000000084500000, 0x0000000084400000| Untracked 
|  69|0x0000000084500000, 0x0000000084600000, 0x0000000084600000|100%| O|  |TAMS 0x0000000084600000, 0x0000000084500000| Untracked 
|  70|0x0000000084600000, 0x0000000084700000, 0x0000000084700000|100%| O|  |TAMS 0x0000000084700000, 0x0000000084600000| Untracked 
|  71|0x0000000084700000, 0x0000000084700000, 0x0000000084800000|  0%| F|  |TAMS 0x0000000084700000, 0x0000000084700000| Untracked 
|  72|0x0000000084800000, 0x0000000084800000, 0x0000000084900000|  0%| F|  |TAMS 0x0000000084800000, 0x0000000084800000| Untracked 
|  73|0x0000000084900000, 0x0000000084900000, 0x0000000084a00000|  0%| F|  |TAMS 0x0000000084900000, 0x0000000084900000| Untracked 
|  74|0x0000000084a00000, 0x0000000084a00000, 0x0000000084b00000|  0%| F|  |TAMS 0x0000000084a00000, 0x0000000084a00000| Untracked 
|  75|0x0000000084b00000, 0x0000000084b00000, 0x0000000084c00000|  0%| F|  |TAMS 0x0000000084b00000, 0x0000000084b00000| Untracked 
|  76|0x0000000084c00000, 0x0000000084c00000, 0x0000000084d00000|  0%| F|  |TAMS 0x0000000084c00000, 0x0000000084c00000| Untracked 
|  77|0x0000000084d00000, 0x0000000084d00000, 0x0000000084e00000|  0%| F|  |TAMS 0x0000000084d00000, 0x0000000084d00000| Untracked 
|  78|0x0000000084e00000, 0x0000000084f00000, 0x0000000084f00000|100%| O|  |TAMS 0x0000000084e00000, 0x0000000084e00000| Untracked 
|  79|0x0000000084f00000, 0x0000000085000000, 0x0000000085000000|100%| O|  |TAMS 0x0000000084f00000, 0x0000000084f00000| Untracked 
|  80|0x0000000085000000, 0x0000000085100000, 0x0000000085100000|100%| O|  |TAMS 0x0000000085100000, 0x0000000085000000| Untracked 
|  81|0x0000000085100000, 0x0000000085200000, 0x0000000085200000|100%| O|  |TAMS 0x0000000085200000, 0x0000000085100000| Untracked 
|  82|0x0000000085200000, 0x0000000085300000, 0x0000000085300000|100%| O|  |TAMS 0x0000000085300000, 0x0000000085200000| Untracked 
|  83|0x0000000085300000, 0x0000000085400000, 0x0000000085400000|100%| O|  |TAMS 0x0000000085400000, 0x0000000085300000| Untracked 
|  84|0x0000000085400000, 0x0000000085500000, 0x0000000085500000|100%| O|  |TAMS 0x0000000085500000, 0x0000000085400000| Untracked 
|  85|0x0000000085500000, 0x0000000085600000, 0x0000000085600000|100%| O|  |TAMS 0x0000000085600000, 0x0000000085500000| Untracked 
|  86|0x0000000085600000, 0x0000000085700000, 0x0000000085700000|100%| O|  |TAMS 0x0000000085700000, 0x0000000085600000| Untracked 
|  87|0x0000000085700000, 0x0000000085700000, 0x0000000085800000|  0%| F|  |TAMS 0x0000000085700000, 0x0000000085700000| Untracked 
|  88|0x0000000085800000, 0x0000000085800000, 0x0000000085900000|  0%| F|  |TAMS 0x0000000085800000, 0x0000000085800000| Untracked 
|  89|0x0000000085900000, 0x0000000085900000, 0x0000000085a00000|  0%| F|  |TAMS 0x0000000085900000, 0x0000000085900000| Untracked 
|  90|0x0000000085a00000, 0x0000000085b00000, 0x0000000085b00000|100%| O|  |TAMS 0x0000000085a00000, 0x0000000085a00000| Untracked 
|  91|0x0000000085b00000, 0x0000000085b00000, 0x0000000085c00000|  0%| F|  |TAMS 0x0000000085b00000, 0x0000000085b00000| Untracked 
|  92|0x0000000085c00000, 0x0000000085c00000, 0x0000000085d00000|  0%| F|  |TAMS 0x0000000085c00000, 0x0000000085c00000| Untracked 
|  93|0x0000000085d00000, 0x0000000085d00000, 0x0000000085e00000|  0%| F|  |TAMS 0x0000000085d00000, 0x0000000085d00000| Untracked 
|  94|0x0000000085e00000, 0x0000000085e00000, 0x0000000085f00000|  0%| F|  |TAMS 0x0000000085e00000, 0x0000000085e00000| Untracked 
|  95|0x0000000085f00000, 0x0000000085f00000, 0x0000000086000000|  0%| F|  |TAMS 0x0000000085f00000, 0x0000000085f00000| Untracked 
|  96|0x0000000086000000, 0x0000000086000000, 0x0000000086100000|  0%| F|  |TAMS 0x0000000086000000, 0x0000000086000000| Untracked 
|  97|0x0000000086100000, 0x0000000086100000, 0x0000000086200000|  0%| F|  |TAMS 0x0000000086100000, 0x0000000086100000| Untracked 
|  98|0x0000000086200000, 0x0000000086200000, 0x0000000086300000|  0%| F|  |TAMS 0x0000000086200000, 0x0000000086200000| Untracked 
|  99|0x0000000086300000, 0x0000000086300000, 0x0000000086400000|  0%| F|  |TAMS 0x0000000086300000, 0x0000000086300000| Untracked 
| 100|0x0000000086400000, 0x0000000086400000, 0x0000000086500000|  0%| F|  |TAMS 0x0000000086400000, 0x0000000086400000| Untracked 
| 101|0x0000000086500000, 0x0000000086500000, 0x0000000086600000|  0%| F|  |TAMS 0x0000000086500000, 0x0000000086500000| Untracked 
| 102|0x0000000086600000, 0x0000000086600000, 0x0000000086700000|  0%| F|  |TAMS 0x0000000086600000, 0x0000000086600000| Untracked 
| 103|0x0000000086700000, 0x0000000086700000, 0x0000000086800000|  0%| F|  |TAMS 0x0000000086700000, 0x0000000086700000| Untracked 
| 104|0x0000000086800000, 0x0000000086800000, 0x0000000086900000|  0%| F|  |TAMS 0x0000000086800000, 0x0000000086800000| Untracked 
| 105|0x0000000086900000, 0x0000000086900000, 0x0000000086a00000|  0%| F|  |TAMS 0x0000000086900000, 0x0000000086900000| Untracked 
| 106|0x0000000086a00000, 0x0000000086a00000, 0x0000000086b00000|  0%| F|  |TAMS 0x0000000086a00000, 0x0000000086a00000| Untracked 
| 107|0x0000000086b00000, 0x0000000086b00000, 0x0000000086c00000|  0%| F|  |TAMS 0x0000000086b00000, 0x0000000086b00000| Untracked 
| 108|0x0000000086c00000, 0x0000000086c00000, 0x0000000086d00000|  0%| F|  |TAMS 0x0000000086c00000, 0x0000000086c00000| Untracked 
| 109|0x0000000086d00000, 0x0000000086d00000, 0x0000000086e00000|  0%| F|  |TAMS 0x0000000086d00000, 0x0000000086d00000| Untracked 
| 110|0x0000000086e00000, 0x0000000086e00000, 0x0000000086f00000|  0%| F|  |TAMS 0x0000000086e00000, 0x0000000086e00000| Untracked 
| 111|0x0000000086f00000, 0x0000000086f00000, 0x0000000087000000|  0%| F|  |TAMS 0x0000000086f00000, 0x0000000086f00000| Untracked 
| 112|0x0000000087000000, 0x0000000087000000, 0x0000000087100000|  0%| F|  |TAMS 0x0000000087000000, 0x0000000087000000| Untracked 
| 113|0x0000000087100000, 0x0000000087100000, 0x0000000087200000|  0%| F|  |TAMS 0x0000000087100000, 0x0000000087100000| Untracked 
| 114|0x0000000087200000, 0x0000000087200000, 0x0000000087300000|  0%| F|  |TAMS 0x0000000087200000, 0x0000000087200000| Untracked 
| 115|0x0000000087300000, 0x0000000087300000, 0x0000000087400000|  0%| F|  |TAMS 0x0000000087300000, 0x0000000087300000| Untracked 
| 116|0x0000000087400000, 0x0000000087400000, 0x0000000087500000|  0%| F|  |TAMS 0x0000000087400000, 0x0000000087400000| Untracked 
| 117|0x0000000087500000, 0x0000000087500000, 0x0000000087600000|  0%| F|  |TAMS 0x0000000087500000, 0x0000000087500000| Untracked 
| 118|0x0000000087600000, 0x0000000087600000, 0x0000000087700000|  0%| F|  |TAMS 0x0000000087600000, 0x0000000087600000| Untracked 
| 119|0x0000000087700000, 0x0000000087700000, 0x0000000087800000|  0%| F|  |TAMS 0x0000000087700000, 0x0000000087700000| Untracked 
| 120|0x0000000087800000, 0x0000000087800000, 0x0000000087900000|  0%| F|  |TAMS 0x0000000087800000, 0x0000000087800000| Untracked 
| 121|0x0000000087900000, 0x0000000087900000, 0x0000000087a00000|  0%| F|  |TAMS 0x0000000087900000, 0x0000000087900000| Untracked 
| 122|0x0000000087a00000, 0x0000000087a00000, 0x0000000087b00000|  0%| F|  |TAMS 0x0000000087a00000, 0x0000000087a00000| Untracked 
| 123|0x0000000087b00000, 0x0000000087b00000, 0x0000000087c00000|  0%| F|  |TAMS 0x0000000087b00000, 0x0000000087b00000| Untracked 
| 124|0x0000000087c00000, 0x0000000087c00000, 0x0000000087d00000|  0%| F|  |TAMS 0x0000000087c00000, 0x0000000087c00000| Untracked 
| 125|0x0000000087d00000, 0x0000000087d00000, 0x0000000087e00000|  0%| F|  |TAMS 0x0000000087d00000, 0x0000000087d00000| Untracked 
| 126|0x0000000087e00000, 0x0000000087e00000, 0x0000000087f00000|  0%| F|  |TAMS 0x0000000087e00000, 0x0000000087e00000| Untracked 
| 127|0x0000000087f00000, 0x0000000087f00000, 0x0000000088000000|  0%| F|  |TAMS 0x0000000087f00000, 0x0000000087f00000| Untracked 
| 128|0x0000000088000000, 0x0000000088000000, 0x0000000088100000|  0%| F|  |TAMS 0x0000000088000000, 0x0000000088000000| Untracked 
| 129|0x0000000088100000, 0x0000000088100000, 0x0000000088200000|  0%| F|  |TAMS 0x0000000088100000, 0x0000000088100000| Untracked 
| 130|0x0000000088200000, 0x0000000088200000, 0x0000000088300000|  0%| F|  |TAMS 0x0000000088200000, 0x0000000088200000| Untracked 
| 131|0x0000000088300000, 0x0000000088300000, 0x0000000088400000|  0%| F|  |TAMS 0x0000000088300000, 0x0000000088300000| Untracked 
| 132|0x0000000088400000, 0x0000000088400000, 0x0000000088500000|  0%| F|  |TAMS 0x0000000088400000, 0x0000000088400000| Untracked 
| 133|0x0000000088500000, 0x0000000088500000, 0x0000000088600000|  0%| F|  |TAMS 0x0000000088500000, 0x0000000088500000| Untracked 
| 134|0x0000000088600000, 0x0000000088600000, 0x0000000088700000|  0%| F|  |TAMS 0x0000000088600000, 0x0000000088600000| Untracked 
| 135|0x0000000088700000, 0x0000000088700000, 0x0000000088800000|  0%| F|  |TAMS 0x0000000088700000, 0x0000000088700000| Untracked 
| 136|0x0000000088800000, 0x0000000088800000, 0x0000000088900000|  0%| F|  |TAMS 0x0000000088800000, 0x0000000088800000| Untracked 
| 137|0x0000000088900000, 0x0000000088900000, 0x0000000088a00000|  0%| F|  |TAMS 0x0000000088900000, 0x0000000088900000| Untracked 
| 138|0x0000000088a00000, 0x0000000088aab9e0, 0x0000000088b00000| 67%| S|CS|TAMS 0x0000000088a00000, 0x0000000088a00000| Complete 
| 139|0x0000000088b00000, 0x0000000088c00000, 0x0000000088c00000|100%| S|CS|TAMS 0x0000000088b00000, 0x0000000088b00000| Complete 
| 140|0x0000000088c00000, 0x0000000088d00000, 0x0000000088d00000|100%| S|CS|TAMS 0x0000000088c00000, 0x0000000088c00000| Complete 
| 141|0x0000000088d00000, 0x0000000088d00000, 0x0000000088e00000|  0%| F|  |TAMS 0x0000000088d00000, 0x0000000088d00000| Untracked 
| 142|0x0000000088e00000, 0x0000000088e00000, 0x0000000088f00000|  0%| F|  |TAMS 0x0000000088e00000, 0x0000000088e00000| Untracked 
| 143|0x0000000088f00000, 0x0000000088f00000, 0x0000000089000000|  0%| F|  |TAMS 0x0000000088f00000, 0x0000000088f00000| Untracked 
| 144|0x0000000089000000, 0x0000000089000000, 0x0000000089100000|  0%| F|  |TAMS 0x0000000089000000, 0x0000000089000000| Untracked 
| 145|0x0000000089100000, 0x0000000089100000, 0x0000000089200000|  0%| F|  |TAMS 0x0000000089100000, 0x0000000089100000| Untracked 
| 146|0x0000000089200000, 0x0000000089200000, 0x0000000089300000|  0%| F|  |TAMS 0x0000000089200000, 0x0000000089200000| Untracked 
| 147|0x0000000089300000, 0x0000000089300000, 0x0000000089400000|  0%| F|  |TAMS 0x0000000089300000, 0x0000000089300000| Untracked 
| 148|0x0000000089400000, 0x0000000089400000, 0x0000000089500000|  0%| F|  |TAMS 0x0000000089400000, 0x0000000089400000| Untracked 
| 149|0x0000000089500000, 0x0000000089500000, 0x0000000089600000|  0%| F|  |TAMS 0x0000000089500000, 0x0000000089500000| Untracked 
| 150|0x0000000089600000, 0x0000000089600000, 0x0000000089700000|  0%| F|  |TAMS 0x0000000089600000, 0x0000000089600000| Untracked 
| 151|0x0000000089700000, 0x0000000089700000, 0x0000000089800000|  0%| F|  |TAMS 0x0000000089700000, 0x0000000089700000| Untracked 
| 152|0x0000000089800000, 0x0000000089800000, 0x0000000089900000|  0%| F|  |TAMS 0x0000000089800000, 0x0000000089800000| Untracked 
| 153|0x0000000089900000, 0x0000000089900000, 0x0000000089a00000|  0%| F|  |TAMS 0x0000000089900000, 0x0000000089900000| Untracked 
| 154|0x0000000089a00000, 0x0000000089aaa9a0, 0x0000000089b00000| 66%| E|  |TAMS 0x0000000089a00000, 0x0000000089a00000| Complete 
| 155|0x0000000089b00000, 0x0000000089c00000, 0x0000000089c00000|100%| E|CS|TAMS 0x0000000089b00000, 0x0000000089b00000| Complete 
| 156|0x0000000089c00000, 0x0000000089d00000, 0x0000000089d00000|100%| E|CS|TAMS 0x0000000089c00000, 0x0000000089c00000| Complete 
| 157|0x0000000089d00000, 0x0000000089e00000, 0x0000000089e00000|100%| E|CS|TAMS 0x0000000089d00000, 0x0000000089d00000| Complete 
| 158|0x0000000089e00000, 0x0000000089f00000, 0x0000000089f00000|100%| E|CS|TAMS 0x0000000089e00000, 0x0000000089e00000| Complete 
| 159|0x0000000089f00000, 0x000000008a000000, 0x000000008a000000|100%| E|CS|TAMS 0x0000000089f00000, 0x0000000089f00000| Complete 
| 160|0x000000008a000000, 0x000000008a100000, 0x000000008a100000|100%| E|CS|TAMS 0x000000008a000000, 0x000000008a000000| Complete 
| 161|0x000000008a100000, 0x000000008a200000, 0x000000008a200000|100%| E|CS|TAMS 0x000000008a100000, 0x000000008a100000| Complete 
| 162|0x000000008a200000, 0x000000008a300000, 0x000000008a300000|100%| E|CS|TAMS 0x000000008a200000, 0x000000008a200000| Complete 
| 163|0x000000008a300000, 0x000000008a400000, 0x000000008a400000|100%| E|CS|TAMS 0x000000008a300000, 0x000000008a300000| Complete 
| 164|0x000000008a400000, 0x000000008a500000, 0x000000008a500000|100%| E|CS|TAMS 0x000000008a400000, 0x000000008a400000| Complete 
| 165|0x000000008a500000, 0x000000008a600000, 0x000000008a600000|100%| E|CS|TAMS 0x000000008a500000, 0x000000008a500000| Complete 
| 166|0x000000008a600000, 0x000000008a700000, 0x000000008a700000|100%| E|CS|TAMS 0x000000008a600000, 0x000000008a600000| Complete 
| 167|0x000000008a700000, 0x000000008a800000, 0x000000008a800000|100%| E|CS|TAMS 0x000000008a700000, 0x000000008a700000| Complete 
| 168|0x000000008a800000, 0x000000008a900000, 0x000000008a900000|100%| E|CS|TAMS 0x000000008a800000, 0x000000008a800000| Complete 
| 169|0x000000008a900000, 0x000000008aa00000, 0x000000008aa00000|100%| E|CS|TAMS 0x000000008a900000, 0x000000008a900000| Complete 
| 170|0x000000008aa00000, 0x000000008ab00000, 0x000000008ab00000|100%| E|CS|TAMS 0x000000008aa00000, 0x000000008aa00000| Complete 
| 171|0x000000008ab00000, 0x000000008ac00000, 0x000000008ac00000|100%| E|CS|TAMS 0x000000008ab00000, 0x000000008ab00000| Complete 
| 172|0x000000008ac00000, 0x000000008ad00000, 0x000000008ad00000|100%| E|  |TAMS 0x000000008ac00000, 0x000000008ac00000| Complete 
| 173|0x000000008ad00000, 0x000000008ae00000, 0x000000008ae00000|100%| E|CS|TAMS 0x000000008ad00000, 0x000000008ad00000| Complete 
| 174|0x000000008ae00000, 0x000000008af00000, 0x000000008af00000|100%| E|CS|TAMS 0x000000008ae00000, 0x000000008ae00000| Complete 
| 175|0x000000008af00000, 0x000000008b000000, 0x000000008b000000|100%| E|CS|TAMS 0x000000008af00000, 0x000000008af00000| Complete 
| 176|0x000000008b000000, 0x000000008b100000, 0x000000008b100000|100%| E|CS|TAMS 0x000000008b000000, 0x000000008b000000| Complete 
| 177|0x000000008b100000, 0x000000008b200000, 0x000000008b200000|100%| E|CS|TAMS 0x000000008b100000, 0x000000008b100000| Complete 
| 178|0x000000008b200000, 0x000000008b300000, 0x000000008b300000|100%| E|CS|TAMS 0x000000008b200000, 0x000000008b200000| Complete 
| 179|0x000000008b300000, 0x000000008b400000, 0x000000008b400000|100%| E|CS|TAMS 0x000000008b300000, 0x000000008b300000| Complete 
| 180|0x000000008b400000, 0x000000008b500000, 0x000000008b500000|100%| E|CS|TAMS 0x000000008b400000, 0x000000008b400000| Complete 
| 181|0x000000008b500000, 0x000000008b600000, 0x000000008b600000|100%| E|CS|TAMS 0x000000008b500000, 0x000000008b500000| Complete 
| 182|0x000000008b600000, 0x000000008b700000, 0x000000008b700000|100%| E|CS|TAMS 0x000000008b600000, 0x000000008b600000| Complete 

Card table byte_map: [0x0000021c1d4c0000,0x0000021c1d8c0000] _byte_map_base: 0x0000021c1d0c0000

Marking Bits (Prev, Next): (CMBitMap*) 0x0000021c0a2df8c8, (CMBitMap*) 0x0000021c0a2df900
 Prev Bits: [0x0000021c1dcc0000, 0x0000021c1fcc0000)
 Next Bits: [0x0000021c1fcc0000, 0x0000021c21cc0000)

Polling page: 0x0000021c081e0000

Metaspace:

Usage:
  Non-class:     72.52 MB capacity,    71.23 MB ( 98%) used,     1.06 MB (  1%) free+waste,   232.25 KB ( <1%) overhead. 
      Class:     11.27 MB capacity,    10.51 MB ( 93%) used,   665.39 KB (  6%) free+waste,   105.13 KB ( <1%) overhead. 
       Both:     83.79 MB capacity,    81.75 MB ( 98%) used,     1.71 MB (  2%) free+waste,   337.38 KB ( <1%) overhead. 

Virtual space:
  Non-class space:       74.00 MB reserved,      72.75 MB ( 98%) committed 
      Class space:        1.00 GB reserved,      11.38 MB (  1%) committed 
             Both:        1.07 GB reserved,      84.13 MB (  8%) committed 

Chunk freelists:
   Non-Class:  40.00 KB
       Class:  48.00 KB
        Both:  88.00 KB

MaxMetaspaceSize: 17179869184.00 GB
CompressedClassSpaceSize: 1.00 GB

CodeHeap 'non-profiled nmethods': size=120000Kb used=5365Kb max_used=5365Kb free=114635Kb
 bounds [0x0000021c15860000, 0x0000021c15da0000, 0x0000021c1cd90000]
CodeHeap 'profiled nmethods': size=120000Kb used=21161Kb max_used=21161Kb free=98838Kb
 bounds [0x0000021c0e330000, 0x0000021c0f7e0000, 0x0000021c15860000]
CodeHeap 'non-nmethods': size=5760Kb used=2278Kb max_used=2326Kb free=3481Kb
 bounds [0x0000021c0dd90000, 0x0000021c0e000000, 0x0000021c0e330000]
 total_blobs=10773 nmethods=9891 adapters=793
 compilation: enabled
              stopped_count=0, restarted_count=0
 full_count=0

Compilation events (20 events):
Event: 20.022 Thread 0x0000021c250ae000 10097       3       org.gradle.internal.fingerprint.impl.NameOnlyFingerprintingStrategy::normalizePath (7 bytes)
Event: 20.022 Thread 0x0000021c250ae000 nmethod 10097 0x0000021c0f7d6490 code [0x0000021c0f7d6640, 0x0000021c0f7d6818]
Event: 20.022 Thread 0x0000021c2bb07800 nmethod 10043 0x0000021c15d99510 code [0x0000021c15d996c0, 0x0000021c15d99798]
Event: 20.022 Thread 0x0000021c2bb07800 10063       4       com.google.common.collect.Hashing::smearedHash (16 bytes)
Event: 20.023 Thread 0x0000021c250ae000 10099       3       org.gradle.internal.instantiation.generator.DefaultInstantiatorFactory$ClassGeneratorBackedManagedFactory::fromState (30 bytes)
Event: 20.023 Thread 0x0000021c2bb07800 nmethod 10063 0x0000021c15d99890 code [0x0000021c15d99a20, 0x0000021c15d99af8]
Event: 20.023 Thread 0x0000021c2bb07800 10088       4       org.gradle.internal.execution.history.impl.FingerprintMapSerializer::readFingerprint (96 bytes)
Event: 20.024 Thread 0x0000021c250ae000 nmethod 10099 0x0000021c0f7d6910 code [0x0000021c0f7d6b00, 0x0000021c0f7d6ea8]
Event: 20.025 Thread 0x0000021c250ae000 10100       3       org.gradle.internal.execution.steps.IdentityCacheStep$$Lambda$875/0x0000000100abb440::<init> (32 bytes)
Event: 20.025 Thread 0x0000021c250ae000 nmethod 10100 0x0000021c0f7d7090 code [0x0000021c0f7d7260, 0x0000021c0f7d7598]
Event: 20.025 Thread 0x0000021c250ae000 10101       3       org.gradle.api.internal.artifacts.transform.DefaultTransformerInvocationFactory$1$$Lambda$878/0x0000000100abc440::<init> (26 bytes)
Event: 20.025 Thread 0x0000021c250ae000 nmethod 10101 0x0000021c0f7d7690 code [0x0000021c0f7d7860, 0x0000021c0f7d7b38]
Event: 20.026 Thread 0x0000021c250ae000 10102       3       org.gradle.api.internal.artifacts.transform.AbstractTransformedArtifactSet$CalculateArtifacts::calculateValue (81 bytes)
Event: 20.029 Thread 0x0000021c250ae000 nmethod 10102 0x0000021c0f7d7c10 code [0x0000021c0f7d7f40, 0x0000021c0f7d9608]
Event: 20.036 Thread 0x0000021c250ae000 10103       3       com.google.gson.internal.bind.TypeAdapters$32::create (20 bytes)
Event: 20.037 Thread 0x0000021c250ae000 nmethod 10103 0x0000021c0f7d9d90 code [0x0000021c0f7d9f40, 0x0000021c0f7da0d8]
Event: 20.097 Thread 0x0000021c2bb07800 nmethod 10088 0x0000021c15d99b90 code [0x0000021c15d99e80, 0x0000021c15d9bbc0]
Event: 20.097 Thread 0x0000021c2bb07800 10104       4       java.util.stream.Collectors$$Lambda$62/0x0000000100161c40::get (8 bytes)
Event: 20.099 Thread 0x0000021c2bb07800 nmethod 10104 0x0000021c15d9d010 code [0x0000021c15d9d1c0, 0x0000021c15d9d318]
Event: 20.099 Thread 0x0000021c2bb07800 10106       4       org.gradle.internal.snapshot.DirectorySnapshot$$Lambda$941/0x0000000100accc40::accept (20 bytes)

GC Heap History (20 events):
Event: 10.077 GC heap before
{Heap before GC invocations=11 (full 0):
 garbage-first heap   total 155648K, used 106757K [0x0000000080000000, 0x0000000100000000)
  region size 1024K, 73 young (74752K), 9 survivors (9216K)
 Metaspace       used 56326K, capacity 57735K, committed 57856K, reserved 1099776K
  class space    used 7158K, capacity 7678K, committed 7680K, reserved 1048576K
}
Event: 10.085 GC heap after
{Heap after GC invocations=12 (full 0):
 garbage-first heap   total 155648K, used 44722K [0x0000000080000000, 0x0000000100000000)
  region size 1024K, 3 young (3072K), 3 survivors (3072K)
 Metaspace       used 56326K, capacity 57735K, committed 57856K, reserved 1099776K
  class space    used 7158K, capacity 7678K, committed 7680K, reserved 1048576K
}
Event: 10.909 GC heap before
{Heap before GC invocations=12 (full 0):
 garbage-first heap   total 155648K, used 54962K [0x0000000080000000, 0x0000000100000000)
  region size 1024K, 14 young (14336K), 3 survivors (3072K)
 Metaspace       used 58496K, capacity 60072K, committed 60160K, reserved 1101824K
  class space    used 7420K, capacity 7988K, committed 8064K, reserved 1048576K
}
Event: 10.921 GC heap after
{Heap after GC invocations=13 (full 0):
 garbage-first heap   total 155648K, used 45684K [0x0000000080000000, 0x0000000100000000)
  region size 1024K, 4 young (4096K), 4 survivors (4096K)
 Metaspace       used 58496K, capacity 60072K, committed 60160K, reserved 1101824K
  class space    used 7420K, capacity 7988K, committed 8064K, reserved 1048576K
}
Event: 12.439 GC heap before
{Heap before GC invocations=14 (full 0):
 garbage-first heap   total 155648K, used 104052K [0x0000000080000000, 0x0000000100000000)
  region size 1024K, 61 young (62464K), 4 survivors (4096K)
 Metaspace       used 63182K, capacity 64726K, committed 64896K, reserved 1105920K
  class space    used 8032K, capacity 8565K, committed 8576K, reserved 1048576K
}
Event: 12.447 GC heap after
{Heap after GC invocations=15 (full 0):
 garbage-first heap   total 155648K, used 50063K [0x0000000080000000, 0x0000000100000000)
  region size 1024K, 8 young (8192K), 8 survivors (8192K)
 Metaspace       used 63182K, capacity 64726K, committed 64896K, reserved 1105920K
  class space    used 8032K, capacity 8565K, committed 8576K, reserved 1048576K
}
Event: 13.190 GC heap before
{Heap before GC invocations=15 (full 0):
 garbage-first heap   total 155648K, used 108431K [0x0000000080000000, 0x0000000100000000)
  region size 1024K, 65 young (66560K), 8 survivors (8192K)
 Metaspace       used 67832K, capacity 69436K, committed 69632K, reserved 1110016K
  class space    used 8776K, capacity 9385K, committed 9472K, reserved 1048576K
}
Event: 13.201 GC heap after
{Heap after GC invocations=16 (full 0):
 garbage-first heap   total 155648K, used 54098K [0x0000000080000000, 0x0000000100000000)
  region size 1024K, 5 young (5120K), 5 survivors (5120K)
 Metaspace       used 67832K, capacity 69436K, committed 69632K, reserved 1110016K
  class space    used 8776K, capacity 9385K, committed 9472K, reserved 1048576K
}
Event: 14.148 GC heap before
{Heap before GC invocations=16 (full 0):
 garbage-first heap   total 155648K, used 112466K [0x0000000080000000, 0x0000000100000000)
  region size 1024K, 62 young (63488K), 5 survivors (5120K)
 Metaspace       used 72977K, capacity 74742K, committed 75008K, reserved 1114112K
  class space    used 9534K, capacity 10178K, committed 10240K, reserved 1048576K
}
Event: 14.155 GC heap after
{Heap after GC invocations=17 (full 0):
 garbage-first heap   total 155648K, used 57223K [0x0000000080000000, 0x0000000100000000)
  region size 1024K, 8 young (8192K), 8 survivors (8192K)
 Metaspace       used 72977K, capacity 74742K, committed 75008K, reserved 1114112K
  class space    used 9534K, capacity 10178K, committed 10240K, reserved 1048576K
}
Event: 15.457 GC heap before
{Heap before GC invocations=17 (full 0):
 garbage-first heap   total 155648K, used 115591K [0x0000000080000000, 0x0000000100000000)
  region size 1024K, 65 young (66560K), 8 survivors (8192K)
 Metaspace       used 78345K, capacity 80434K, committed 80512K, reserved 1118208K
  class space    used 10300K, capacity 11063K, committed 11136K, reserved 1048576K
}
Event: 15.475 GC heap after
{Heap after GC invocations=18 (full 0):
 garbage-first heap   total 155648K, used 61686K [0x0000000080000000, 0x0000000100000000)
  region size 1024K, 8 young (8192K), 8 survivors (8192K)
 Metaspace       used 78345K, capacity 80434K, committed 80512K, reserved 1118208K
  class space    used 10300K, capacity 11063K, committed 11136K, reserved 1048576K
}
Event: 16.651 GC heap before
{Heap before GC invocations=18 (full 0):
 garbage-first heap   total 155648K, used 120054K [0x0000000080000000, 0x0000000100000000)
  region size 1024K, 64 young (65536K), 8 survivors (8192K)
 Metaspace       used 80244K, capacity 82303K, committed 82432K, reserved 1120256K
  class space    used 10463K, capacity 11206K, committed 11264K, reserved 1048576K
}
Event: 16.668 GC heap after
{Heap after GC invocations=19 (full 0):
 garbage-first heap   total 155648K, used 70956K [0x0000000080000000, 0x0000000100000000)
  region size 1024K, 8 young (8192K), 8 survivors (8192K)
 Metaspace       used 80244K, capacity 82303K, committed 82432K, reserved 1120256K
  class space    used 10463K, capacity 11206K, committed 11264K, reserved 1048576K
}
Event: 18.254 GC heap before
{Heap before GC invocations=19 (full 0):
 garbage-first heap   total 155648K, used 119084K [0x0000000080000000, 0x0000000100000000)
  region size 1024K, 55 young (56320K), 8 survivors (8192K)
 Metaspace       used 80796K, capacity 82889K, committed 83072K, reserved 1120256K
  class space    used 10518K, capacity 11273K, committed 11392K, reserved 1048576K
}
Event: 18.269 GC heap after
{Heap after GC invocations=20 (full 0):
 garbage-first heap   total 187392K, used 79214K [0x0000000080000000, 0x0000000100000000)
  region size 1024K, 7 young (7168K), 7 survivors (7168K)
 Metaspace       used 80796K, capacity 82889K, committed 83072K, reserved 1120256K
  class space    used 10518K, capacity 11273K, committed 11392K, reserved 1048576K
}
Event: 18.492 GC heap before
{Heap before GC invocations=20 (full 0):
 garbage-first heap   total 187392K, used 98670K [0x0000000080000000, 0x0000000100000000)
  region size 1024K, 18 young (18432K), 7 survivors (7168K)
 Metaspace       used 80864K, capacity 82889K, committed 83072K, reserved 1120256K
  class space    used 10519K, capacity 11273K, committed 11392K, reserved 1048576K
}
Event: 18.505 GC heap after
{Heap after GC invocations=21 (full 0):
 garbage-first heap   total 187392K, used 91319K [0x0000000080000000, 0x0000000100000000)
  region size 1024K, 8 young (8192K), 8 survivors (8192K)
 Metaspace       used 80864K, capacity 82889K, committed 83072K, reserved 1120256K
  class space    used 10519K, capacity 11273K, committed 11392K, reserved 1048576K
}
Event: 19.285 GC heap before
{Heap before GC invocations=22 (full 0):
 garbage-first heap   total 187392K, used 131255K [0x0000000080000000, 0x0000000100000000)
  region size 1024K, 42 young (43008K), 8 survivors (8192K)
 Metaspace       used 83094K, capacity 85175K, committed 85248K, reserved 1122304K
  class space    used 10704K, capacity 11454K, committed 11520K, reserved 1048576K
}
Event: 19.295 GC heap after
{Heap after GC invocations=23 (full 0):
 garbage-first heap   total 187392K, used 85678K [0x0000000080000000, 0x0000000100000000)
  region size 1024K, 3 young (3072K), 3 survivors (3072K)
 Metaspace       used 83094K, capacity 85175K, committed 85248K, reserved 1122304K
  class space    used 10704K, capacity 11454K, committed 11520K, reserved 1048576K
}

Deoptimization events (20 events):
Event: 19.771 Thread 0x0000021c27c45800 DEOPT PACKING pc=0x0000021c15ba307c sp=0x0000003321efc260
Event: 19.771 Thread 0x0000021c27c45800 DEOPT UNPACKING pc=0x0000021c0ddb78af sp=0x0000003321efc1f8 mode 2
Event: 19.771 Thread 0x0000021c27c45800 Uncommon trap: trap_request=0xffffffde fr.pc=0x0000021c15ba307c relative=0x000000000000039c
Event: 19.771 Thread 0x0000021c27c45800 Uncommon trap: reason=class_check action=maybe_recompile pc=0x0000021c15ba307c method=java.util.Spliterators$IteratorSpliterator.tryAdvance(Ljava/util/function/Consumer;)Z @ 68 c2
Event: 19.771 Thread 0x0000021c27c45800 DEOPT PACKING pc=0x0000021c15ba307c sp=0x0000003321efc260
Event: 19.771 Thread 0x0000021c27c45800 DEOPT UNPACKING pc=0x0000021c0ddb78af sp=0x0000003321efc1f8 mode 2
Event: 19.777 Thread 0x0000021c27c45800 Uncommon trap: trap_request=0xffffff4d fr.pc=0x0000021c15d71e78 relative=0x0000000000000eb8
Event: 19.777 Thread 0x0000021c27c45800 Uncommon trap: reason=unstable_if action=reinterpret pc=0x0000021c15d71e78 method=org.gradle.internal.snapshot.VfsRelativePath.compareToFirstSegment(Ljava/lang/String;Lorg/gradle/internal/snapshot/CaseSensitivity;)I @ 134 c2
Event: 19.777 Thread 0x0000021c27c45800 DEOPT PACKING pc=0x0000021c15d71e78 sp=0x0000003321ef9fb0
Event: 19.777 Thread 0x0000021c27c45800 DEOPT UNPACKING pc=0x0000021c0ddb78af sp=0x0000003321ef9e48 mode 2
Event: 19.802 Thread 0x0000021c27c45800 Uncommon trap: trap_request=0xffffffde fr.pc=0x0000021c15ba307c relative=0x000000000000039c
Event: 19.802 Thread 0x0000021c27c45800 Uncommon trap: reason=class_check action=maybe_recompile pc=0x0000021c15ba307c method=java.util.Spliterators$IteratorSpliterator.tryAdvance(Ljava/util/function/Consumer;)Z @ 68 c2
Event: 19.802 Thread 0x0000021c27c45800 DEOPT PACKING pc=0x0000021c15ba307c sp=0x0000003321efad00
Event: 19.802 Thread 0x0000021c27c45800 DEOPT UNPACKING pc=0x0000021c0ddb78af sp=0x0000003321efac98 mode 2
Event: 19.844 Thread 0x0000021c27c45800 DEOPT PACKING pc=0x0000021c0f0dfad0 sp=0x0000003321ef9920
Event: 19.844 Thread 0x0000021c27c45800 DEOPT UNPACKING pc=0x0000021c0ddb76ce sp=0x0000003321ef8e38 mode 0
Event: 20.023 Thread 0x0000021c27c3e800 Uncommon trap: trap_request=0xffffffbe fr.pc=0x0000021c15d967f4 relative=0x0000000000000e14
Event: 20.023 Thread 0x0000021c27c3e800 Uncommon trap: reason=profile_predicate action=maybe_recompile pc=0x0000021c15d967f4 method=org.objectweb.asm.ByteVector.encodeUtf8(Ljava/lang/String;II)Lorg/objectweb/asm/ByteVector; @ 16 c2
Event: 20.023 Thread 0x0000021c27c3e800 DEOPT PACKING pc=0x0000021c15d967f4 sp=0x0000003321afaba0
Event: 20.023 Thread 0x0000021c27c3e800 DEOPT UNPACKING pc=0x0000021c0ddb78af sp=0x0000003321afab48 mode 2

Classes redefined (0 events):
No events

Internal exceptions (20 events):
Event: 14.865 Thread 0x0000021c27c47800 Exception <a 'java/lang/NoSuchMethodError'{0x000000008752d5b0}: 'java.lang.Object java.lang.invoke.Invokers$Holder.linkToTargetMethod(java.lang.Object, java.lang.Object, java.lang.Object, int, java.lang.Object, java.lang.Object)'> (0x000000008752d5b0) thrown at [./src/hotspot/share/interpreter/linkResolver.cpp, line 773]
Event: 14.877 Thread 0x0000021c27c47800 Exception <a 'java/lang/IncompatibleClassChangeError'{0x000000008758ef30}: Found class java.lang.Object, but interface was expected> (0x000000008758ef30) thrown at [./src/hotspot/share/interpreter/linkResolver.cpp, line 839]
Event: 14.902 Thread 0x0000021c27c47800 Exception <a 'java/lang/NoSuchMethodError'{0x0000000087363150}: 'int java.lang.invoke.DirectMethodHandle$Holder.invokeStaticInit(java.lang.Object, java.lang.Object, java.lang.Object, java.lang.Object, java.lang.Object)'> (0x0000000087363150) thrown at [./src/hotspot/share/interpreter/linkResolver.cpp, line 773]
Event: 15.311 Thread 0x0000021c27c3c800 Exception <a 'java/lang/NoSuchMethodError'{0x0000000086649bb0}: 'java.lang.Object java.lang.invoke.DirectMethodHandle$Holder.invokeSpecialIFC(java.lang.Object, java.lang.Object, java.lang.Object)'> (0x0000000086649bb0) thrown at [./src/hotspot/share/interpreter/linkResolver.cpp, line 773]
Event: 15.311 Thread 0x0000021c27c40000 Exception <a 'java/lang/NoSuchMethodError'{0x0000000086620840}: 'java.lang.Object java.lang.invoke.DirectMethodHandle$Holder.invokeSpecialIFC(java.lang.Object, java.lang.Object, java.lang.Object)'> (0x0000000086620840) thrown at [./src/hotspot/share/interpreter/linkResolver.cpp, line 773]
Event: 15.311 Thread 0x0000021c27b12800 Exception <a 'java/lang/NoSuchMethodError'{0x00000000867d11b8}: 'java.lang.Object java.lang.invoke.DirectMethodHandle$Holder.invokeSpecialIFC(java.lang.Object, java.lang.Object, java.lang.Object)'> (0x00000000867d11b8) thrown at [./src/hotspot/share/interpreter/linkResolver.cpp, line 773]
Event: 15.311 Thread 0x0000021c27b0e800 Exception <a 'java/lang/NoSuchMethodError'{0x00000000867fba98}: 'java.lang.Object java.lang.invoke.DirectMethodHandle$Holder.invokeSpecialIFC(java.lang.Object, java.lang.Object, java.lang.Object)'> (0x00000000867fba98) thrown at [./src/hotspot/share/interpreter/linkResolver.cpp, line 773]
Event: 15.710 Thread 0x0000021c27b12800 Exception <a 'java/lang/NoSuchMethodError'{0x0000000088b2cdc0}: 'void java.lang.invoke.DirectMethodHandle$Holder.invokeVirtual(java.lang.Object, java.lang.Object)'> (0x0000000088b2cdc0) thrown at [./src/hotspot/share/interpreter/linkResolver.cpp, line 773]
Event: 17.682 Thread 0x0000021c2730f000 Implicit null exception at 0x0000021c15cba818 to 0x0000021c15cbb1d6
Event: 18.734 Thread 0x0000021c2730f000 Exception <a 'java/lang/NoSuchMethodError'{0x000000008b464720}: <clinit>> (0x000000008b464720) thrown at [./src/hotspot/share/prims/jni.cpp, line 1362]
Event: 18.746 Thread 0x0000021c2730f000 Exception <a 'java/lang/NoSuchMethodError'{0x000000008b49d8d0}: <clinit>> (0x000000008b49d8d0) thrown at [./src/hotspot/share/prims/jni.cpp, line 1362]
Event: 19.171 Thread 0x0000021c2730f000 Exception <a 'java/lang/NoSuchMethodError'{0x000000008953f848}: 'void java.lang.invoke.DirectMethodHandle$Holder.invokeStatic(java.lang.Object, java.lang.Object, java.lang.Object, java.lang.Object, java.lang.Object, java.lang.Object, java.lang.Object)'> (0x000000008953f848) thrown at [./src/hotspot/share/interpreter/linkResolver.cpp, line 773]
Event: 19.735 Thread 0x0000021c27c45800 Exception <a 'java/lang/NoSuchMethodError'{0x000000008a23e9a0}: <clinit>> (0x000000008a23e9a0) thrown at [./src/hotspot/share/prims/jni.cpp, line 1362]
Event: 19.735 Thread 0x0000021c27c45800 Exception <a 'java/lang/NoSuchMethodError'{0x000000008a23fcc0}: <clinit>> (0x000000008a23fcc0) thrown at [./src/hotspot/share/prims/jni.cpp, line 1362]
Event: 19.735 Thread 0x0000021c27c45800 Exception <a 'java/lang/NoSuchMethodError'{0x000000008a242420}: <clinit>> (0x000000008a242420) thrown at [./src/hotspot/share/prims/jni.cpp, line 1362]
Event: 19.738 Thread 0x0000021c27c45800 Exception <a 'java/lang/NoSuchMethodError'{0x000000008a25bd40}: <clinit>> (0x000000008a25bd40) thrown at [./src/hotspot/share/prims/jni.cpp, line 1362]
Event: 19.738 Thread 0x0000021c27c45800 Exception <a 'java/lang/NoSuchMethodError'{0x000000008a25d220}: <clinit>> (0x000000008a25d220) thrown at [./src/hotspot/share/prims/jni.cpp, line 1362]
Event: 19.868 Thread 0x0000021c27c45800 Exception <a 'java/lang/NoSuchMethodError'{0x000000008a056058}: <clinit>> (0x000000008a056058) thrown at [./src/hotspot/share/prims/jni.cpp, line 1362]
Event: 19.893 Thread 0x0000021c27c45800 Exception <a 'java/lang/NoSuchMethodError'{0x000000008a086b80}: <clinit>> (0x000000008a086b80) thrown at [./src/hotspot/share/prims/jni.cpp, line 1362]
Event: 19.896 Thread 0x0000021c27c45800 Exception <a 'java/lang/NoSuchMethodError'{0x000000008a099938}: <clinit>> (0x000000008a099938) thrown at [./src/hotspot/share/prims/jni.cpp, line 1362]

Events (20 events):
Event: 20.007 loading class com/android/ide/common/build/CommonBuiltArtifactTypeAdapter
Event: 20.007 loading class com/android/ide/common/build/CommonBuiltArtifactTypeAdapter done
Event: 20.007 Executing VM operation: RevokeBias
Event: 20.008 Executing VM operation: RevokeBias done
Event: 20.008 Executing VM operation: RevokeBias
Event: 20.008 Executing VM operation: RevokeBias done
Event: 20.014 loading class com/android/build/api/variant/impl/ArtifactTypeTypeAdapter
Event: 20.014 loading class com/android/build/api/variant/impl/ArtifactTypeTypeAdapter done
Event: 20.015 loading class com/android/build/api/variant/impl/BuiltArtifactsImpl$Companion
Event: 20.015 loading class com/android/build/api/variant/impl/BuiltArtifactsImpl$Companion done
Event: 20.016 loading class com/google/gson/internal/$Gson$Types$WildcardTypeImpl
Event: 20.016 loading class com/google/gson/internal/$Gson$Types$WildcardTypeImpl done
Event: 20.016 Executing VM operation: RevokeBias
Event: 20.017 Executing VM operation: RevokeBias done
Event: 20.031 Executing VM operation: RevokeBias
Event: 20.031 Executing VM operation: RevokeBias done
Event: 20.039 loading class jdk/internal/reflect/UnsafeQualifiedIntegerFieldAccessorImpl
Event: 20.041 loading class jdk/internal/reflect/UnsafeQualifiedIntegerFieldAccessorImpl done
Event: 20.049 loading class com/android/build/gradle/internal/api/artifact/ArtifactTypeUtils
Event: 20.049 loading class com/android/build/gradle/internal/api/artifact/ArtifactTypeUtils done


Dynamic libraries:
0x00007ff67e8f0000 - 0x00007ff67e8fa000 	C:\Program Files\Android\Android Studio\jre\bin\java.exe
0x00007ffe07090000 - 0x00007ffe07285000 	C:\Windows\SYSTEM32\ntdll.dll
0x00007ffe06f90000 - 0x00007ffe0704e000 	C:\Windows\System32\KERNEL32.DLL
0x00007ffe047a0000 - 0x00007ffe04a68000 	C:\Windows\System32\KERNELBASE.dll
0x00007ffe04ca0000 - 0x00007ffe04da0000 	C:\Windows\System32\ucrtbase.dll
0x00007ffdfddc0000 - 0x00007ffdfddd7000 	C:\Program Files\Android\Android Studio\jre\bin\VCRUNTIME140.dll
0x00007ffddedc0000 - 0x00007ffddedd9000 	C:\Program Files\Android\Android Studio\jre\bin\jli.dll
0x00007ffe05dc0000 - 0x00007ffe05f60000 	C:\Windows\System32\USER32.dll
0x00007ffe04b10000 - 0x00007ffe04b32000 	C:\Windows\System32\win32u.dll
0x00007ffdeeda0000 - 0x00007ffdef03a000 	C:\Windows\WinSxS\amd64_microsoft.windows.common-controls_6595b64144ccf1df_6.0.19041.1110_none_60b5254171f9507e\COMCTL32.dll
0x00007ffe05140000 - 0x00007ffe0516b000 	C:\Windows\System32\GDI32.dll
0x00007ffe06ee0000 - 0x00007ffe06f7e000 	C:\Windows\System32\msvcrt.dll
0x00007ffe04b40000 - 0x00007ffe04c4d000 	C:\Windows\System32\gdi32full.dll
0x00007ffe04a70000 - 0x00007ffe04b0d000 	C:\Windows\System32\msvcp_win.dll
0x00007ffe068b0000 - 0x00007ffe068e0000 	C:\Windows\System32\IMM32.DLL
0x00007ffddc9e0000 - 0x00007ffddca7d000 	C:\Program Files\Android\Android Studio\jre\bin\msvcp140.dll
0x00007ffdc3c50000 - 0x00007ffdc471f000 	C:\Program Files\Android\Android Studio\jre\bin\server\jvm.dll
0x00007ffe06db0000 - 0x00007ffe06e5e000 	C:\Windows\System32\ADVAPI32.dll
0x00007ffe05fd0000 - 0x00007ffe0606c000 	C:\Windows\System32\sechost.dll
0x00007ffe05c90000 - 0x00007ffe05db5000 	C:\Windows\System32\RPCRT4.dll
0x00007ffdfc440000 - 0x00007ffdfc44a000 	C:\Windows\SYSTEM32\VERSION.dll
0x00007ffdef1f0000 - 0x00007ffdef217000 	C:\Windows\SYSTEM32\WINMM.dll
0x00007ffe06790000 - 0x00007ffe06798000 	C:\Windows\System32\PSAPI.DLL
0x00007ffdea8d0000 - 0x00007ffdea8d9000 	C:\Windows\SYSTEM32\WSOCK32.dll
0x00007ffe05f60000 - 0x00007ffe05fcb000 	C:\Windows\System32\WS2_32.dll
0x00007ffe02690000 - 0x00007ffe026a2000 	C:\Windows\SYSTEM32\kernel.appcore.dll
0x00007ffdcf1c0000 - 0x00007ffdcf1d1000 	C:\Program Files\Android\Android Studio\jre\bin\verify.dll
0x00007ffde7030000 - 0x00007ffde7214000 	C:\Windows\SYSTEM32\DBGHELP.DLL
0x00007ffde7000000 - 0x00007ffde702c000 	C:\Windows\SYSTEM32\dbgcore.DLL
0x00007ffe04fa0000 - 0x00007ffe05022000 	C:\Windows\System32\bcryptPrimitives.dll
0x00007ffdce960000 - 0x00007ffdce989000 	C:\Program Files\Android\Android Studio\jre\bin\java.dll
0x00007ffdee0a0000 - 0x00007ffdee0ab000 	C:\Program Files\Android\Android Studio\jre\bin\jimage.dll
0x00007ffdc3c30000 - 0x00007ffdc3c48000 	C:\Program Files\Android\Android Studio\jre\bin\zip.dll
0x00007ffe052a0000 - 0x00007ffe059e4000 	C:\Windows\System32\SHELL32.dll
0x00007ffe02890000 - 0x00007ffe03024000 	C:\Windows\SYSTEM32\windows.storage.dll
0x00007ffe069c0000 - 0x00007ffe06d15000 	C:\Windows\System32\combase.dll
0x00007ffe041f0000 - 0x00007ffe0421e000 	C:\Windows\SYSTEM32\Wldp.dll
0x00007ffe06800000 - 0x00007ffe068ad000 	C:\Windows\System32\SHCORE.dll
0x00007ffe06130000 - 0x00007ffe06185000 	C:\Windows\System32\shlwapi.dll
0x00007ffe046e0000 - 0x00007ffe046ff000 	C:\Windows\SYSTEM32\profapi.dll
0x00007ffdc35d0000 - 0x00007ffdc35ea000 	C:\Program Files\Android\Android Studio\jre\bin\net.dll
0x00007ffdf4960000 - 0x00007ffdf4a6c000 	C:\Windows\SYSTEM32\WINHTTP.dll
0x00007ffe03f50000 - 0x00007ffe03fba000 	C:\Windows\system32\mswsock.dll
0x00007ffdc35b0000 - 0x00007ffdc35c4000 	C:\Program Files\Android\Android Studio\jre\bin\nio.dll
0x00007ffddede0000 - 0x00007ffddee07000 	C:\Users\NguyenHuyNam\.gradle\native\8bec1ad78214c89d9ad589b4d07fe93259594b29d510b10fafb7a158f7737e5d\windows-amd64\native-platform.dll
0x00007ffdc9520000 - 0x00007ffdc965d000 	C:\Users\NguyenHuyNam\.gradle\native\53dbd7edfb1c66fb8903c78663c9afc45aea4f116125fa6feffd364cf09443e8\windows-amd64\native-platform-file-events.dll
0x00007ffded4c0000 - 0x00007ffded4ca000 	C:\Program Files\Android\Android Studio\jre\bin\management.dll
0x00007ffded160000 - 0x00007ffded16c000 	C:\Program Files\Android\Android Studio\jre\bin\management_ext.dll
0x00007ffe04140000 - 0x00007ffe04158000 	C:\Windows\SYSTEM32\CRYPTSP.dll
0x00007ffe03850000 - 0x00007ffe03884000 	C:\Windows\system32\rsaenh.dll
0x00007ffe04f70000 - 0x00007ffe04f97000 	C:\Windows\System32\bcrypt.dll
0x00007ffe04660000 - 0x00007ffe0468e000 	C:\Windows\SYSTEM32\USERENV.dll
0x00007ffe04160000 - 0x00007ffe0416c000 	C:\Windows\SYSTEM32\CRYPTBASE.dll
0x00007ffe03bd0000 - 0x00007ffe03c0b000 	C:\Windows\SYSTEM32\IPHLPAPI.DLL
0x00007ffe06f80000 - 0x00007ffe06f88000 	C:\Windows\System32\NSI.dll
0x00007ffdfbef0000 - 0x00007ffdfbf07000 	C:\Windows\SYSTEM32\dhcpcsvc6.DLL
0x00007ffdfc240000 - 0x00007ffdfc25d000 	C:\Windows\SYSTEM32\dhcpcsvc.DLL
0x00007ffe03c10000 - 0x00007ffe03cdb000 	C:\Windows\SYSTEM32\DNSAPI.dll

dbghelp: loaded successfully - version: 4.0.5 - missing functions: none
symbol engine: initialized successfully - sym options: 0x614 - pdb path: .;C:\Program Files\Android\Android Studio\jre\bin;C:\Windows\SYSTEM32;C:\Windows\WinSxS\amd64_microsoft.windows.common-controls_6595b64144ccf1df_6.0.19041.1110_none_60b5254171f9507e;C:\Program Files\Android\Android Studio\jre\bin\server;C:\Users\NguyenHuyNam\.gradle\native\8bec1ad78214c89d9ad589b4d07fe93259594b29d510b10fafb7a158f7737e5d\windows-amd64;C:\Users\NguyenHuyNam\.gradle\native\53dbd7edfb1c66fb8903c78663c9afc45aea4f116125fa6feffd364cf09443e8\windows-amd64

VM Arguments:
jvm_args: --add-opens=java.base/java.util=ALL-UNNAMED --add-opens=java.base/java.lang=ALL-UNNAMED --add-opens=java.base/java.lang.invoke=ALL-UNNAMED --add-opens=java.base/java.util=ALL-UNNAMED --add-opens=java.prefs/java.util.prefs=ALL-UNNAMED --add-opens=java.prefs/java.util.prefs=ALL-UNNAMED --add-opens=java.base/java.nio.charset=ALL-UNNAMED --add-opens=java.base/java.net=ALL-UNNAMED --add-opens=java.base/java.util.concurrent.atomic=ALL-UNNAMED -Xmx2048m -Dfile.encoding=UTF-8 -Duser.country=US -Duser.language=en -Duser.variant 
java_command: org.gradle.launcher.daemon.bootstrap.GradleDaemon 7.0.2
java_class_path (initial): C:\Users\NguyenHuyNam\.gradle\wrapper\dists\gradle-7.0.2-bin\857tjihv64xamwrf0h14cai3r\gradle-7.0.2\lib\gradle-launcher-7.0.2.jar
Launcher Type: SUN_STANDARD

[Global flags]
     intx CICompilerCount                          = 4                                         {product} {ergonomic}
     uint ConcGCThreads                            = 2                                         {product} {ergonomic}
     uint G1ConcRefinementThreads                  = 8                                         {product} {ergonomic}
   size_t G1HeapRegionSize                         = 1048576                                   {product} {ergonomic}
    uintx GCDrainStackTargetSize                   = 64                                        {product} {ergonomic}
   size_t InitialHeapSize                          = 132120576                                 {product} {ergonomic}
   size_t MarkStackSize                            = 4194304                                   {product} {ergonomic}
   size_t MaxHeapSize                              = 2147483648                                {product} {command line}
   size_t MaxNewSize                               = 1287651328                                {product} {ergonomic}
   size_t MinHeapDeltaBytes                        = 1048576                                   {product} {ergonomic}
    uintx NonNMethodCodeHeapSize                   = 5836300                                {pd product} {ergonomic}
    uintx NonProfiledCodeHeapSize                  = 122910970                              {pd product} {ergonomic}
    uintx ProfiledCodeHeapSize                     = 122910970                              {pd product} {ergonomic}
    uintx ReservedCodeCacheSize                    = 251658240                              {pd product} {ergonomic}
     bool SegmentedCodeCache                       = true                                      {product} {ergonomic}
     bool UseCompressedClassPointers               = true                                 {lp64_product} {ergonomic}
     bool UseCompressedOops                        = true                                 {lp64_product} {ergonomic}
     bool UseG1GC                                  = true                                      {product} {ergonomic}
     bool UseLargePagesIndividualAllocation        = false                                  {pd product} {ergonomic}

Logging:
Log output configuration:
 #0: stdout all=warning uptime,level,tags
 #1: stderr all=off uptime,level,tags

Environment Variables:
PATH=C:\Windows\system32;C:\Windows;C:\Windows\System32\Wbem;C:\Windows\System32\WindowsPowerShell\v1.0\;C:\Windows\System32\OpenSSH\;C:\Program Files\Microsoft VS Code\bin;C:\Program Files\nodejs\;C:\Users\NguyenHuyNam\AppData\Local\Microsoft\WindowsApps;C:\Users\NguyenHuyNam\AppData\Roaming\npm;C:\src\flutter\bin;
USERNAME=NguyenHuyNam
OS=Windows_NT
PROCESSOR_IDENTIFIER=Intel64 Family 6 Model 158 Stepping 10, GenuineIntel



---------------  S Y S T E M  ---------------

OS: Windows 10 , 64 bit Build 19041 (10.0.19041.1503)
OS uptime: 0 days 1:13 hours

CPU:total 8 (initial active 8) (4 cores per cpu, 2 threads per core) family 6 model 158 stepping 10 microcode 0xca, cmov, cx8, fxsr, mmx, sse, sse2, sse3, ssse3, sse4.1, sse4.2, popcnt, avx, avx2, aes, clmul, erms, 3dnowpref, lzcnt, ht, tsc, tscinvbit, bmi1, bmi2, adx, fma

Memory: 4k page, system-wide physical 8043M (256M free)
TotalPageFile size 32619M (AvailPageFile size 6M)
current process WorkingSet (physical memory assigned to process): 399M, peak: 401M
current process commit charge ("private bytes"): 459M, peak: 461M

vm_info: OpenJDK 64-Bit Server VM (11.0.10+0-b96-7249189) for windows-amd64 JRE (11.0.10+0-b96-7249189), built on Mar 31 2021 21:44:00 by "builder" with MS VC++ 14.0 (VS2015)

END.
